<?xml version="1.0" encoding="utf-8"?><testsuites><testsuite name="pytest" errors="0" failures="0" skipped="0" tests="18" time="0.654" timestamp="2022-04-03T18:02:58.851944" hostname="fedora"><testcase classname="test.test_suite.describe_generate_board_repr" name="test_repr_empty_board" time="0.004" /><testcase classname="test.test_suite.describe_generate_board_repr" name="test_repr_board_with_data" time="0.005" /><testcase classname="test.test_suite.describe_generate_board_repr" name="test_repr_board_with_data_and_endmes" time="0.006" /><testcase classname="test.test_suite.describe_assess_game" name="test_player_1_wins" time="0.002" /><testcase classname="test.test_suite.describe_assess_game" name="test_player_minus_1_wins" time="0.002" /><testcase classname="test.test_suite.describe_assess_game" name="test_player_minus_1_diag_win" time="0.003" /><testcase classname="test.test_suite.describe_process_round" name="test_player_1_wins" time="0.002" /><testcase classname="test.test_suite.describe_process_round" name="test_player_minus_1_wins" time="0.003" /><testcase classname="test.test_suite.describe_process_round" name="test_player_minus_1_diag_win" time="0.005" /><testcase classname="test.test_suite." name="test_generate_board" time="0.003" /><testcase classname="test.test_suite." name="test_player_sign" time="0.003" /><testcase classname="test.test_suite." name="test_play_game" time="0.006" /><testcase classname="test.bdd.steps.test_bdd_steps." name="move.features: Player makes an invalid move" time="0.020" /><testcase classname="test.bdd.steps.test_bdd_steps." name="move.features: Player makes a valid move" time="0.008" /><testcase classname="test.bdd.steps.test_bdd_steps." name="move.features: Player makes a move out of board" time="0.008" /><testcase classname="test.bdd.steps.test_bdd_steps." name="endgame.features: Player 1 wins" time="0.012" /><testcase classname="test.bdd.steps.test_bdd_steps." name="endgame.features: Player -1 wins" time="0.011" /><testcase classname="test.bdd.steps.test_bdd_steps." name="endgame.features: Game is a tie" time="0.010" /></testsuite></testsuites>